# JRE version: OpenJDK Runtime Environment Temurin-21.0.8+9 (21.0.8+9) (build 21.0.8+9-LTS)
# Java VM: OpenJDK 64-Bit Server VM Temurin-21.0.8+9 (21.0.8+9-LTS, mixed mode, sharing, tiered, compressed oops, compressed class ptrs, parallel gc, windows-amd64)
GC Precious Log:
 CardTable entry size: 512
 CPUs: 4 total, 4 available
 Memory: 3998M
 Large Page Support: Disabled
 NUMA Support: Disabled
 Compressed Oops: Enabled (32-bit)
 Alignments: Space 512K, Generation 512K, Heap 2M
 Heap Min Capacity: 100M
 Heap Initial Capacity: 100M
 Heap Max Capacity: 2G
 Pre-touch: Disabled
 Parallel Workers: 4
Heap:
 PSYoungGen      total 4608K, used 3482K [0x00000000d5580000, 0x00000000d5e00000, 0x0000000100000000)
  eden space 4096K, 80% used [0x00000000d5580000,0x00000000d58b6ac8,0x00000000d5980000)
  from space 512K, 37% used [0x00000000d5d80000,0x00000000d5db0000,0x00000000d5e00000)
  to   space 512K, 0% used [0x00000000d5980000,0x00000000d5980000,0x00000000d5a00000)
 ParOldGen       total 132096K, used 131713K [0x0000000080000000, 0x0000000088100000, 0x00000000d5580000)
  object space 132096K, 99% used [0x0000000080000000,0x00000000880a05a0,0x0000000088100000)
 Metaspace       used 68183K, committed 69632K, reserved 1114112K
  class space    used 7352K, committed 8000K, reserved 1048576K
GC Heap History (20 events):
Event: 33.894 GC heap before
{Heap before GC invocations=48 (full 3):
 PSYoungGen      total 5632K, used 5490K [0x00000000d5580000, 0x00000000d5f00000, 0x0000000100000000)
  eden space 5120K, 100% used [0x00000000d5580000,0x00000000d5a80000,0x00000000d5a80000)
  from space 512K, 72% used [0x00000000d5e80000,0x00000000d5edc820,0x00000000d5f00000)
  to   space 1024K, 0% used [0x00000000d5d00000,0x00000000d5d00000,0x00000000d5e00000)
 ParOldGen       total 117248K, used 116943K [0x0000000080000000, 0x0000000087280000, 0x00000000d5580000)
  object space 117248K, 99% used [0x0000000080000000,0x0000000087233ce0,0x0000000087280000)
 Metaspace       used 65682K, committed 67136K, reserved 1114112K
  class space    used 7109K, committed 7744K, reserved 1048576K
}
Event: 33.895 GC heap after
{Heap after GC invocations=48 (full 3):
 PSYoungGen      total 6144K, used 961K [0x00000000d5580000, 0x00000000d5f00000, 0x0000000100000000)
  eden space 5120K, 0% used [0x00000000d5580000,0x00000000d5580000,0x00000000d5a80000)
  from space 1024K, 93% used [0x00000000d5d00000,0x00000000d5df06b8,0x00000000d5e00000)
  to   space 1024K, 0% used [0x00000000d5e00000,0x00000000d5e00000,0x00000000d5f00000)
 ParOldGen       total 117760K, used 117248K [0x0000000080000000, 0x0000000087300000, 0x00000000d5580000)
  object space 117760K, 99% used [0x0000000080000000,0x0000000087280060,0x0000000087300000)
 Metaspace       used 65682K, committed 67136K, reserved 1114112K
  class space    used 7109K, committed 7744K, reserved 1048576K
}
Event: 34.028 GC heap before
{Heap before GC invocations=49 (full 3):
 PSYoungGen      total 6144K, used 6081K [0x00000000d5580000, 0x00000000d5f00000, 0x0000000100000000)
  eden space 5120K, 100% used [0x00000000d5580000,0x00000000d5a80000,0x00000000d5a80000)
  from space 1024K, 93% used [0x00000000d5d00000,0x00000000d5df06b8,0x00000000d5e00000)
  to   space 1024K, 0% used [0x00000000d5e00000,0x00000000d5e00000,0x00000000d5f00000)
 ParOldGen       total 117760K, used 117248K [0x0000000080000000, 0x0000000087300000, 0x00000000d5580000)
  object space 117760K, 99% used [0x0000000080000000,0x0000000087280060,0x0000000087300000)
 Metaspace       used 65967K, committed 67456K, reserved 1114112K
  class space    used 7119K, committed 7744K, reserved 1048576K
}
Event: 34.029 GC heap after
{Heap after GC invocations=49 (full 3):
 PSYoungGen      total 5632K, used 128K [0x00000000d5580000, 0x00000000d5e80000, 0x0000000100000000)
  eden space 5120K, 0% used [0x00000000d5580000,0x00000000d5580000,0x00000000d5a80000)
  from space 512K, 25% used [0x00000000d5e00000,0x00000000d5e20000,0x00000000d5e80000)
  to   space 512K, 0% used [0x00000000d5d80000,0x00000000d5d80000,0x00000000d5e00000)
 ParOldGen       total 117760K, used 117344K [0x0000000080000000, 0x0000000087300000, 0x00000000d5580000)
  object space 117760K, 99% used [0x0000000080000000,0x0000000087298060,0x0000000087300000)
 Metaspace       used 65967K, committed 67456K, reserved 1114112K
  class space    used 7119K, committed 7744K, reserved 1048576K
}
Event: 34.206 GC heap before
{Heap before GC invocations=50 (full 3):
 PSYoungGen      total 5632K, used 5248K [0x00000000d5580000, 0x00000000d5e80000, 0x0000000100000000)
  eden space 5120K, 100% used [0x00000000d5580000,0x00000000d5a80000,0x00000000d5a80000)
  from space 512K, 25% used [0x00000000d5e00000,0x00000000d5e20000,0x00000000d5e80000)
  to   space 512K, 0% used [0x00000000d5d80000,0x00000000d5d80000,0x00000000d5e00000)
 ParOldGen       total 117760K, used 117344K [0x0000000080000000, 0x0000000087300000, 0x00000000d5580000)
  object space 117760K, 99% used [0x0000000080000000,0x0000000087298060,0x0000000087300000)
 Metaspace       used 66292K, committed 67712K, reserved 1114112K
  class space    used 7138K, committed 7744K, reserved 1048576K
}
Event: 34.210 GC heap after
{Heap after GC invocations=50 (full 3):
 PSYoungGen      total 5632K, used 484K [0x00000000d5580000, 0x00000000d5e80000, 0x0000000100000000)
  eden space 5120K, 0% used [0x00000000d5580000,0x00000000d5580000,0x00000000d5a80000)
  from space 512K, 94% used [0x00000000d5d80000,0x00000000d5df9268,0x00000000d5e00000)
  to   space 512K, 0% used [0x00000000d5e00000,0x00000000d5e00000,0x00000000d5e80000)
 ParOldGen       total 118784K, used 118296K [0x0000000080000000, 0x0000000087400000, 0x00000000d5580000)
  object space 118784K, 99% used [0x0000000080000000,0x00000000873860c0,0x0000000087400000)
 Metaspace       used 66292K, committed 67712K, reserved 1114112K
  class space    used 7138K, committed 7744K, reserved 1048576K
}
Event: 34.479 GC heap before
{Heap before GC invocations=51 (full 3):
 PSYoungGen      total 5632K, used 5604K [0x00000000d5580000, 0x00000000d5e80000, 0x0000000100000000)
  eden space 5120K, 100% used [0x00000000d5580000,0x00000000d5a80000,0x00000000d5a80000)
  from space 512K, 94% used [0x00000000d5d80000,0x00000000d5df9268,0x00000000d5e00000)
  to   space 512K, 0% used [0x00000000d5e00000,0x00000000d5e00000,0x00000000d5e80000)
 ParOldGen       total 118784K, used 118296K [0x0000000080000000, 0x0000000087400000, 0x00000000d5580000)
  object space 118784K, 99% used [0x0000000080000000,0x00000000873860c0,0x0000000087400000)
 Metaspace       used 66786K, committed 68224K, reserved 1114112K
  class space    used 7189K, committed 7808K, reserved 1048576K
}
Event: 34.482 GC heap after
{Heap after GC invocations=51 (full 3):
 PSYoungGen      total 5632K, used 512K [0x00000000d5580000, 0x00000000d5e80000, 0x0000000100000000)
  eden space 5120K, 0% used [0x00000000d5580000,0x00000000d5580000,0x00000000d5a80000)
  from space 512K, 100% used [0x00000000d5e00000,0x00000000d5e80000,0x00000000d5e80000)
  to   space 2048K, 0% used [0x00000000d5a80000,0x00000000d5a80000,0x00000000d5c80000)
 ParOldGen       total 119808K, used 119557K [0x0000000080000000, 0x0000000087500000, 0x00000000d5580000)
  object space 119808K, 99% used [0x0000000080000000,0x00000000874c1798,0x0000000087500000)
 Metaspace       used 66786K, committed 68224K, reserved 1114112K
  class space    used 7189K, committed 7808K, reserved 1048576K
}
Event: 34.572 GC heap before
{Heap before GC invocations=52 (full 3):
 PSYoungGen      total 5632K, used 5632K [0x00000000d5580000, 0x00000000d5e80000, 0x0000000100000000)
  eden space 5120K, 100% used [0x00000000d5580000,0x00000000d5a80000,0x00000000d5a80000)
  from space 512K, 100% used [0x00000000d5e00000,0x00000000d5e80000,0x00000000d5e80000)
  to   space 2048K, 0% used [0x00000000d5a80000,0x00000000d5a80000,0x00000000d5c80000)
 ParOldGen       total 119808K, used 119557K [0x0000000080000000, 0x0000000087500000, 0x00000000d5580000)
  object space 119808K, 99% used [0x0000000080000000,0x00000000874c1798,0x0000000087500000)
 Metaspace       used 66818K, committed 68224K, reserved 1114112K
  class space    used 7193K, committed 7808K, reserved 1048576K
}
Event: 34.578 GC heap after
{Heap after GC invocations=52 (full 3):
 PSYoungGen      total 7168K, used 2023K [0x00000000d5580000, 0x00000000d6580000, 0x0000000100000000)
  eden space 5120K, 0% used [0x00000000d5580000,0x00000000d5580000,0x00000000d5a80000)
  from space 2048K, 98% used [0x00000000d5a80000,0x00000000d5c79de0,0x00000000d5c80000)
  to   space 5632K, 0% used [0x00000000d6000000,0x00000000d6000000,0x00000000d6580000)
 ParOldGen       total 122368K, used 122232K [0x0000000080000000, 0x0000000087780000, 0x00000000d5580000)
  object space 122368K, 99% used [0x0000000080000000,0x000000008775e050,0x0000000087780000)
 Metaspace       used 66818K, committed 68224K, reserved 1114112K
  class space    used 7193K, committed 7808K, reserved 1048576K
}
Event: 34.749 GC heap before
{Heap before GC invocations=53 (full 3):
 PSYoungGen      total 7168K, used 7042K [0x00000000d5580000, 0x00000000d6580000, 0x0000000100000000)
  eden space 5120K, 98% used [0x00000000d5580000,0x00000000d5a66b68,0x00000000d5a80000)
  from space 2048K, 98% used [0x00000000d5a80000,0x00000000d5c79de0,0x00000000d5c80000)
  to   space 5632K, 0% used [0x00000000d6000000,0x00000000d6000000,0x00000000d6580000)
 ParOldGen       total 122368K, used 122232K [0x0000000080000000, 0x0000000087780000, 0x00000000d5580000)
  object space 122368K, 99% used [0x0000000080000000,0x000000008775e050,0x0000000087780000)
 Metaspace       used 66894K, committed 68288K, reserved 1114112K
  class space    used 7200K, committed 7808K, reserved 1048576K
}
Event: 34.761 GC heap after
{Heap after GC invocations=53 (full 3):
 PSYoungGen      total 8192K, used 2640K [0x00000000d5580000, 0x00000000d6300000, 0x0000000100000000)
  eden space 5120K, 0% used [0x00000000d5580000,0x00000000d5580000,0x00000000d5a80000)
  from space 3072K, 85% used [0x00000000d6000000,0x00000000d6294000,0x00000000d6300000)
  to   space 3584K, 0% used [0x00000000d5c00000,0x00000000d5c00000,0x00000000d5f80000)
 ParOldGen       total 124416K, used 124287K [0x0000000080000000, 0x0000000087980000, 0x00000000d5580000)
  object space 124416K, 99% used [0x0000000080000000,0x000000008795fe70,0x0000000087980000)
 Metaspace       used 66894K, committed 68288K, reserved 1114112K
  class space    used 7200K, committed 7808K, reserved 1048576K
}
Event: 34.909 GC heap before
{Heap before GC invocations=54 (full 3):
 PSYoungGen      total 8192K, used 7741K [0x00000000d5580000, 0x00000000d6300000, 0x0000000100000000)
  eden space 5120K, 99% used [0x00000000d5580000,0x00000000d5a7b630,0x00000000d5a80000)
  from space 3072K, 85% used [0x00000000d6000000,0x00000000d6294000,0x00000000d6300000)
  to   space 3584K, 0% used [0x00000000d5c00000,0x00000000d5c00000,0x00000000d5f80000)
 ParOldGen       total 124416K, used 124287K [0x0000000080000000, 0x0000000087980000, 0x00000000d5580000)
  object space 124416K, 99% used [0x0000000080000000,0x000000008795fe70,0x0000000087980000)
 Metaspace       used 67044K, committed 68416K, reserved 1114112K
  class space    used 7212K, committed 7808K, reserved 1048576K
}
Event: 34.915 GC heap after
{Heap after GC invocations=54 (full 3):
 PSYoungGen      total 8192K, used 2921K [0x00000000d5580000, 0x00000000d6080000, 0x0000000100000000)
  eden space 5120K, 0% used [0x00000000d5580000,0x00000000d5580000,0x00000000d5a80000)
  from space 3072K, 95% used [0x00000000d5c00000,0x00000000d5eda680,0x00000000d5f00000)
  to   space 1536K, 0% used [0x00000000d5f00000,0x00000000d5f00000,0x00000000d6080000)
 ParOldGen       total 126976K, used 126567K [0x0000000080000000, 0x0000000087c00000, 0x00000000d5580000)
  object space 126976K, 99% used [0x0000000080000000,0x0000000087b99e70,0x0000000087c00000)
 Metaspace       used 67044K, committed 68416K, reserved 1114112K
  class space    used 7212K, committed 7808K, reserved 1048576K
}
Event: 34.997 GC heap before
{Heap before GC invocations=55 (full 3):
 PSYoungGen      total 8192K, used 8041K [0x00000000d5580000, 0x00000000d6080000, 0x0000000100000000)
  eden space 5120K, 100% used [0x00000000d5580000,0x00000000d5a80000,0x00000000d5a80000)
  from space 3072K, 95% used [0x00000000d5c00000,0x00000000d5eda680,0x00000000d5f00000)
  to   space 1536K, 0% used [0x00000000d5f00000,0x00000000d5f00000,0x00000000d6080000)
 ParOldGen       total 126976K, used 126567K [0x0000000080000000, 0x0000000087c00000, 0x00000000d5580000)
  object space 126976K, 99% used [0x0000000080000000,0x0000000087b99e70,0x0000000087c00000)
 Metaspace       used 67236K, committed 68672K, reserved 1114112K
  class space    used 7233K, committed 7872K, reserved 1048576K
}
Event: 35.008 GC heap after
{Heap after GC invocations=55 (full 3):
 PSYoungGen      total 5632K, used 1520K [0x00000000d5580000, 0x00000000d6580000, 0x0000000100000000)
  eden space 4096K, 0% used [0x00000000d5580000,0x00000000d5580000,0x00000000d5980000)
  from space 1536K, 98% used [0x00000000d5f00000,0x00000000d607c000,0x00000000d6080000)
  to   space 5632K, 0% used [0x00000000d5980000,0x00000000d5980000,0x00000000d5f00000)
 ParOldGen       total 130560K, used 130097K [0x0000000080000000, 0x0000000087f80000, 0x00000000d5580000)
  object space 130560K, 99% used [0x0000000080000000,0x0000000087f0c580,0x0000000087f80000)
 Metaspace       used 67236K, committed 68672K, reserved 1114112K
  class space    used 7233K, committed 7872K, reserved 1048576K
}
Event: 35.093 GC heap before
{Heap before GC invocations=56 (full 3):
 PSYoungGen      total 5632K, used 5615K [0x00000000d5580000, 0x00000000d6580000, 0x0000000100000000)
  eden space 4096K, 99% used [0x00000000d5580000,0x00000000d597fff8,0x00000000d5980000)
  from space 1536K, 98% used [0x00000000d5f00000,0x00000000d607c000,0x00000000d6080000)
  to   space 5632K, 0% used [0x00000000d5980000,0x00000000d5980000,0x00000000d5f00000)
 ParOldGen       total 130560K, used 130097K [0x0000000080000000, 0x0000000087f80000, 0x00000000d5580000)
  object space 130560K, 99% used [0x0000000080000000,0x0000000087f0c580,0x0000000087f80000)
 Metaspace       used 67353K, committed 68736K, reserved 1114112K
  class space    used 7246K, committed 7872K, reserved 1048576K
}
Event: 35.096 GC heap after
{Heap after GC invocations=56 (full 3):
 PSYoungGen      total 4608K, used 192K [0x00000000d5580000, 0x00000000d5f80000, 0x0000000100000000)
  eden space 4096K, 0% used [0x00000000d5580000,0x00000000d5580000,0x00000000d5980000)
  from space 512K, 37% used [0x00000000d5980000,0x00000000d59b0020,0x00000000d5a00000)
  to   space 2048K, 0% used [0x00000000d5d80000,0x00000000d5d80000,0x00000000d5f80000)
 ParOldGen       total 132096K, used 131609K [0x0000000080000000, 0x0000000088100000, 0x00000000d5580000)
  object space 132096K, 99% used [0x0000000080000000,0x0000000088086580,0x0000000088100000)
 Metaspace       used 67353K, committed 68736K, reserved 1114112K
  class space    used 7246K, committed 7872K, reserved 1048576K
}
Event: 35.289 GC heap before
{Heap before GC invocations=57 (full 3):
 PSYoungGen      total 4608K, used 4288K [0x00000000d5580000, 0x00000000d5f80000, 0x0000000100000000)
  eden space 4096K, 100% used [0x00000000d5580000,0x00000000d5980000,0x00000000d5980000)
  from space 512K, 37% used [0x00000000d5980000,0x00000000d59b0020,0x00000000d5a00000)
  to   space 2048K, 0% used [0x00000000d5d80000,0x00000000d5d80000,0x00000000d5f80000)
 ParOldGen       total 132096K, used 131609K [0x0000000080000000, 0x0000000088100000, 0x00000000d5580000)
  object space 132096K, 99% used [0x0000000080000000,0x0000000088086580,0x0000000088100000)
 Metaspace       used 67845K, committed 69248K, reserved 1114112K
  class space    used 7319K, committed 7936K, reserved 1048576K
}
Event: 35.292 GC heap after
{Heap after GC invocations=57 (full 3):
 PSYoungGen      total 4608K, used 192K [0x00000000d5580000, 0x00000000d5e00000, 0x0000000100000000)
  eden space 4096K, 0% used [0x00000000d5580000,0x00000000d5580000,0x00000000d5980000)
  from space 512K, 37% used [0x00000000d5d80000,0x00000000d5db0000,0x00000000d5e00000)
  to   space 512K, 0% used [0x00000000d5980000,0x00000000d5980000,0x00000000d5a00000)
 ParOldGen       total 132096K, used 131713K [0x0000000080000000, 0x0000000088100000, 0x00000000d5580000)
  object space 132096K, 99% used [0x0000000080000000,0x00000000880a05a0,0x0000000088100000)
 Metaspace       used 67845K, committed 69248K, reserved 1114112K
  class space    used 7319K, committed 7936K, reserved 1048576K
}

